[35m[Appium][39m Welcome to Appium v1.16.0
[35m[Appium][39m Non-default server args:
[35m[Appium][39m   port: 50432
[35m[Appium][39m   loglevel: info
[35m[Appium][39m   chromeDriverPort: 50433
[35m[Appium][39m   tmpDir: C:\Users\Krishna\AppData\Local\Temp\\Katalon\Appium\Temp1579071077598
[35m[Appium][39m Appium REST http interface listener started on 0.0.0.0:50432
[35m[HTTP][39m [37m-->[39m [37mGET[39m [37m/wd/hub/status[39m
[35m[HTTP][39m [90m{}[39m
[35m[HTTP][39m [37m<-- GET /wd/hub/status [39m[32m200[39m [90m6 ms - 68[39m
[35m[HTTP][39m [90m[39m
[35m[HTTP][39m [37m-->[39m [37mGET[39m [37m/wd/hub/status[39m
[35m[HTTP][39m [90m{}[39m
[35m[HTTP][39m [37m<-- GET /wd/hub/status [39m[32m200[39m [90m1 ms - 68[39m
[35m[HTTP][39m [90m[39m
[35m[HTTP][39m [37m-->[39m [37mPOST[39m [37m/wd/hub/session[39m
[35m[HTTP][39m [90m{"desiredCapabilities":{"app":"C:\\Users\\Krishna\\Downloads\\ApiDemos-WhiteScreen.apk","noReset":true,"deviceName":"emulator-5554 (AOSP on IA Emulator - Android 9)","fullReset":false,"platform":"ANDROID","newCommandTimeout":1800,"platformVersion":"9","automationName":"uiautomator2","autoGrantPermissions":true,"platformName":"Android","udid":"emulator-5554","systemPort":50438},"capabilities":{"firstMatch":[{"appium:app":"C:\\Users\\Krishna\\Downloads\\ApiDemos-WhiteScreen.apk","appium:autoGrantPermissions":true,"appium:automationName":"uiautomator2","appium:deviceName":"emulator-5554 (AOSP on IA Emulator - Android 9)","appium:fullReset":false,"appium:newCommandTimeout":1800,"appium:noReset":true,"platform":"ANDROID","platformName":"android","appium:platformVersion":"9","appium:systemPort":50438,"appium:udid":"emulator-5554"}]}}[39m
[35m[BaseDriver][39m The capabilities ["platform"] are not standard capabilities and should have an extension prefix
[35m[Appium][39m Appium v1.16.0 creating new AndroidUiautomator2Driver (v1.40.0) session
[35m[BaseDriver][39m The following capabilities were provided, but are not recognized by Appium:
[35m[BaseDriver][39m   platform
[35m[BaseDriver][39m Session created with session id: 11b61b6c-f764-4ee2-a780-78d8c0ffb68e
[35m[BaseDriver][39m Using local app 'C:\Users\Krishna\Downloads\ApiDemos-WhiteScreen.apk'
[35m[ADB][39m Found 1 'build-tools' folders under 'C:\Users\Krishna\.katalon\tools\android_sdk' (newest first):
[35m[ADB][39m     C:/Users/Krishna/.katalon/tools/android_sdk/build-tools/29.0.2
[35m[ADB][39m Using 'adb.exe' from 'C:\Users\Krishna\.katalon\tools\android_sdk\platform-tools\adb.exe'
[35m[AndroidDriver][39m Retrieving device list
[35m[AndroidDriver][39m Using device: emulator-5554
[35m[ADB][39m Using 'adb.exe' from 'C:\Users\Krishna\.katalon\tools\android_sdk\platform-tools\adb.exe'
[35m[UiAutomator2][39m Relaxing hidden api policy
[35m[ADB][39m Package name: 'io.appium.android.apis'
[35m[ADB][39m Main activity name: 'io.appium.android.apis.ApiDemos'
[35m[ADB][39m Using 'apksigner.bat' from 'C:\Users\Krishna\.katalon\tools\android_sdk\build-tools\29.0.2\apksigner.bat'
[35m[UiAutomator2][39m Server packages are not going to be (re)installed
[35m[ADB][39m The application at 'C:\Users\Krishna\Downloads\ApiDemos-WhiteScreen.apk' is already cached to '/data/local/tmp/appium_cache/e9f0ac9a8579829d2ad58169d4eb272326c62061.apk'
[35m[ADB][39m The installation of 'ApiDemos-WhiteScreen.apk' took 0.209s
[35m[UiAutomator2][39m Starting UIAutomator2 server 4.5.2
[35m[UiAutomator2][39m Using UIAutomator2 server from 'C:\Users\Krishna\AppData\Roaming\npm\node_modules\appium\node_modules\appium-uiautomator2-server\apks\appium-uiautomator2-server-v4.5.2.apk' and test from 'C:\Users\Krishna\AppData\Roaming\npm\node_modules\appium\node_modules\appium-uiautomator2-server\apks\appium-uiautomator2-server-debug-androidTest.apk'
[35m[UiAutomator2][39m Waiting up to 30000ms for UiAutomator2 to be online...
[35m[WD Proxy][39m Got an unexpected response with status undefined: {"code":"ECONNRESET"}
[35m[WD Proxy][39m Got an unexpected response with status undefined: {"code":"ECONNRESET"}
[35m[WD Proxy][39m Determined the downstream protocol as 'W3C'
[35m[AndroidDriver][39m Screen already unlocked, doing nothing
[35m[UiAutomator2][39m Starting 'io.appium.android.apis/io.appium.android.apis.ApiDemos and waiting for 'io.appium.android.apis/io.appium.android.apis.ApiDemos'
[35m[Appium][39m New AndroidUiautomator2Driver session created successfully, session 11b61b6c-f764-4ee2-a780-78d8c0ffb68e added to master session list
[35m[HTTP][39m [37m<-- POST /wd/hub/session [39m[32m200[39m [90m8541 ms - 1248[39m
[35m[HTTP][39m [90m[39m
[35m[HTTP][39m [37m-->[39m [37mGET[39m [37m/wd/hub/session/11b61b6c-f764-4ee2-a780-78d8c0ffb68e[39m
[35m[HTTP][39m [90m{}[39m
[35m[HTTP][39m [37m<-- GET /wd/hub/session/11b61b6c-f764-4ee2-a780-78d8c0ffb68e [39m[32m200[39m [90m11 ms - 1180[39m
[35m[HTTP][39m [90m[39m
[35m[HTTP][39m [37m-->[39m [37mGET[39m [37m/wd/hub/session/11b61b6c-f764-4ee2-a780-78d8c0ffb68e[39m
[35m[HTTP][39m [90m{}[39m
[35m[HTTP][39m [37m<-- GET /wd/hub/session/11b61b6c-f764-4ee2-a780-78d8c0ffb68e [39m[32m200[39m [90m12 ms - 1180[39m
[35m[HTTP][39m [90m[39m
[35m[HTTP][39m [37m-->[39m [37mGET[39m [37m/wd/hub/status[39m
[35m[HTTP][39m [90m{}[39m
[35m[HTTP][39m [37m<-- GET /wd/hub/status [39m[32m200[39m [90m1 ms - 68[39m
[35m[HTTP][39m [90m[39m
[35m[HTTP][39m [37m-->[39m [37mPOST[39m [37m/wd/hub/session/11b61b6c-f764-4ee2-a780-78d8c0ffb68e/timeouts[39m
[35m[HTTP][39m [90m{"implicit":60000}[39m
[35m[HTTP][39m [37m<-- POST /wd/hub/session/11b61b6c-f764-4ee2-a780-78d8c0ffb68e/timeouts [39m[32m200[39m [90m4 ms - 14[39m
[35m[HTTP][39m [90m[39m
[35m[HTTP][39m [37m-->[39m [37mGET[39m [37m/wd/hub/session/11b61b6c-f764-4ee2-a780-78d8c0ffb68e/source[39m
[35m[HTTP][39m [90m{}[39m
[35m[W3C (11b61b6c)][39m Driver proxy active, passing request on via HTTP proxy
[35m[WD Proxy][39m Replacing sessionId 57549b20-01aa-4d2b-82b0-88dc02f9dae5 with 11b61b6c-f764-4ee2-a780-78d8c0ffb68e
[35m[HTTP][39m [37m<-- GET /wd/hub/session/11b61b6c-f764-4ee2-a780-78d8c0ffb68e/source [39m[32m200[39m [90m381 ms - 8134[39m
[35m[HTTP][39m [90m[39m
[35m[HTTP][39m [37m-->[39m [37mGET[39m [37m/wd/hub/session/11b61b6c-f764-4ee2-a780-78d8c0ffb68e/screenshot[39m
[35m[HTTP][39m [90m{}[39m
[35m[HTTP][39m [37m<-- GET /wd/hub/session/11b61b6c-f764-4ee2-a780-78d8c0ffb68e/screenshot [39m[32m200[39m [90m248 ms - 99150[39m
[35m[HTTP][39m [90m[39m
